<?xml version="1.0" encoding="UTF-8"?>
<testsuite name="com.swivel.codechallenge.services.GenericServiceTest" tests="1" skipped="0" failures="0" errors="0" timestamp="2019-09-26T09:17:54" hostname="k8s-master" time="0.0">
  <properties/>
  <testcase name="getInputStringTest" classname="com.swivel.codechallenge.services.GenericServiceTest" time="0.0"/>
  <system-out><![CDATA[]]></system-out>
  <system-err><![CDATA[]]></system-err>
</testsuite>
